-------------------------------------------------------------------------------
Test set: br.com.projescolaweb.ProjEscolaWebApplicationTests
-------------------------------------------------------------------------------
Tests run: 1, Failures: 0, Errors: 1, Skipped: 0, Time elapsed: 2.005 s <<< FAILURE! - in br.com.projescolaweb.ProjEscolaWebApplicationTests
contextLoads  Time elapsed: 0.005 s  <<< ERROR!
java.lang.IllegalStateException: Failed to load ApplicationContext
Caused by: org.springframework.beans.factory.BeanCreationException: Error creating bean with name 'entityManagerFactory' defined in class path resource [org/springframework/boot/autoconfigure/orm/jpa/HibernateJpaConfiguration.class]: Invocation of init method failed; nested exception is java.lang.NullPointerException: Cannot invoke "org.hibernate.mapping.PersistentClass.getTable()" because "classMapping" is null
Caused by: java.lang.NullPointerException: Cannot invoke "org.hibernate.mapping.PersistentClass.getTable()" because "classMapping" is null

